<?xml version="1.0" encoding="UTF-8"?>
<!-- Generated by org.testng.reporters.JUnitXMLReporter -->
<testsuite hostname="LIN20001943" name="Hubshot Test Case runner" tests="8" failures="0" timestamp="18 Jul 2020 21:35:04 GMT" time="116.237" errors="0">
  <testcase name="verifyTitle" time="0.016" classname="com.cg.Hubshot.Testcases.Login_testcase"/>
  <testcase name="HRMLogin" time="6.088" classname="com.cg.Hubshot.Testcases.Login_testcase"/>
  <testcase name="marketClick" time="5.294" classname="com.cg.Hubshot.Testcases.Home_testcase"/>
  <testcase name="reportsClick" time="5.765" classname="com.cg.Hubshot.Testcases.Home_testcase"/>
  <testcase name="salesClick" time="3.848" classname="com.cg.Hubshot.Testcases.Home_testcase"/>
  <testcase name="serviceClick" time="6.266" classname="com.cg.Hubshot.Testcases.Home_testcase"/>
  <testcase name="verifycontacts" time="5.526" classname="com.cg.Hubshot.Testcases.Home_testcase"/>
  <testcase name="verifyCreateContact" time="9.831" classname="com.cg.Hubshot.Testcases.contacts_testcase"/>
</testsuite> <!-- Hubshot Test Case runner -->
